SF:/home/garett/Development/yaml_edit/lib/src/source_edit.dart
DA:15,1
DA:17,1
DA:19,1
DA:20,3
DA:21,3
DA:22,3
DA:28,0
DA:29,0
DA:42,1
DA:43,1
DA:44,1
DA:45,1
DA:46,1
DA:48,3
DA:49,1
DA:52,1
DA:64,1
DA:65,4
DA:68,0
DA:69,0
DA:75,1
DA:77,2
DA:78,1
DA:85,1
DA:86,6
LF:25
LH:21
end_of_record
SF:/home/garett/Development/yaml_edit/lib/src/editor.dart
DA:38,1
DA:39,1
DA:41,1
DA:42,3
DA:76,1
DA:77,1
DA:79,2
DA:81,2
DA:83,1
DA:84,1
DA:125,1
DA:126,3
DA:127,1
DA:128,1
DA:133,1
DA:135,1
DA:137,1
DA:138,2
DA:139,1
DA:140,2
DA:141,1
DA:142,2
DA:143,1
DA:144,1
DA:145,2
DA:147,0
DA:148,0
DA:151,1
DA:160,1
DA:162,1
DA:165,1
DA:166,2
DA:169,4
DA:171,1
DA:180,1
DA:182,1
DA:190,1
DA:192,1
DA:194,1
DA:195,2
DA:197,1
DA:198,3
DA:200,1
DA:204,1
DA:205,3
DA:206,1
DA:207,1
DA:212,1
DA:213,2
DA:215,3
DA:216,1
DA:217,2
DA:219,1
DA:220,3
DA:222,0
DA:225,1
DA:231,1
DA:232,1
DA:234,1
DA:237,0
DA:247,1
DA:249,3
DA:250,3
DA:251,1
DA:253,1
DA:254,0
DA:259,0
DA:262,2
DA:268,1
DA:270,2
DA:272,3
DA:273,4
DA:275,2
DA:282,1
DA:283,2
DA:285,2
DA:286,1
DA:288,1
DA:296,0
DA:297,0
DA:298,0
DA:300,0
DA:305,1
DA:307,2
DA:308,1
DA:310,1
DA:316,1
DA:318,3
DA:319,0
DA:324,2
DA:325,1
DA:326,1
DA:327,2
DA:328,1
DA:330,1
DA:333,2
DA:334,1
DA:336,1
DA:344,1
DA:345,2
DA:347,2
DA:348,0
DA:351,5
DA:352,1
DA:353,2
DA:354,1
DA:356,2
DA:361,1
DA:362,3
DA:363,1
DA:364,1
DA:369,1
DA:371,1
DA:372,2
DA:373,2
DA:375,1
DA:376,0
DA:377,0
DA:379,1
DA:382,2
DA:387,1
DA:389,1
DA:390,3
DA:391,3
DA:393,2
DA:394,2
DA:396,2
DA:400,0
DA:401,0
DA:402,0
DA:404,0
DA:409,1
DA:411,1
DA:412,3
DA:414,5
DA:419,1
DA:421,1
DA:422,3
DA:423,3
DA:425,1
DA:426,0
DA:427,0
DA:430,2
DA:433,5
DA:435,1
DA:441,1
DA:443,2
DA:444,1
DA:446,2
DA:447,3
DA:449,2
DA:450,3
DA:451,3
DA:453,1
DA:459,1
DA:461,2
DA:462,0
DA:464,1
DA:466,1
DA:467,3
DA:468,3
DA:470,1
DA:471,0
DA:472,0
DA:475,2
DA:478,2
DA:479,3
DA:480,2
DA:482,1
DA:487,1
DA:489,1
DA:490,3
DA:492,5
DA:498,1
DA:500,1
DA:501,3
DA:502,3
DA:504,1
DA:505,2
DA:506,4
DA:509,2
DA:513,2
DA:514,5
DA:515,1
DA:516,2
DA:517,0
DA:521,4
DA:526,1
DA:528,2
DA:529,2
DA:530,1
DA:532,1
DA:535,2
DA:536,1
DA:538,1
DA:547,1
DA:548,2
DA:550,1
DA:551,2
DA:553,2
DA:554,1
DA:556,1
DA:561,1
DA:562,5
DA:568,1
DA:569,2
DA:571,2
DA:572,0
DA:575,3
DA:576,3
DA:577,1
DA:578,2
DA:580,2
DA:585,1
DA:586,2
DA:587,1
DA:589,1
DA:593,2
DA:594,1
DA:596,2
DA:599,1
DA:604,1
DA:607,2
DA:608,6
DA:610,0
DA:616,1
DA:618,1
DA:619,3
DA:620,4
DA:621,3
DA:624,2
DA:625,6
DA:626,1
DA:628,2
DA:629,1
DA:631,1
DA:635,1
DA:637,2
DA:639,1
DA:646,1
DA:648,3
DA:649,1
DA:651,1
DA:653,3
DA:654,5
DA:660,1
DA:662,2
DA:663,1
DA:664,1
DA:665,3
DA:668,4
DA:669,1
DA:671,2
DA:673,2
DA:678,1
DA:680,1
DA:681,1
DA:682,2
DA:683,2
DA:685,4
DA:686,2
DA:687,3
DA:689,1
DA:692,2
DA:697,1
DA:699,1
DA:700,1
DA:701,3
DA:702,3
DA:704,2
DA:705,2
DA:707,2
DA:711,1
DA:712,2
DA:713,0
DA:720,1
DA:721,2
DA:727,1
DA:729,1
DA:730,6
DA:731,1
DA:732,3
DA:733,4
DA:735,5
DA:737,0
DA:738,0
DA:739,1
DA:742,2
DA:747,1
DA:748,1
DA:749,0
DA:750,1
DA:751,4
DA:754,3
DA:758,3
DA:761,1
DA:762,1
DA:763,1
DA:764,1
DA:765,1
DA:767,1
DA:781,0
DA:785,0
DA:786,0
DA:787,0
DA:789,0
LF:306
LH:271
end_of_record
